C51 COMPILER V9.00   MAIN                                                                  11/03/2012 06:57:35 PAGE 1   


C51 COMPILER V9.00, COMPILATION OF MODULE MAIN
OBJECT MODULE PLACED IN main.OBJ
COMPILER INVOKED BY: e:\Keil\C51\BIN\C51.EXE main.c BROWSE DEBUG OBJECTEXTEND

line level    source

   1          #include "tracing.h"
   2          #include "../zigbee/zigbee.h"
   3          #include "../zigbee/car.h"
   4          #include <reg51.h>
   5          
   6          void init()
   7          {
   8   1              
   9   1              while(begin);
  10   1              run(u, 50);     
*** ERROR C202 IN LINE 10 OF MAIN.C: 'u': undefined identifier
  11   1      }
  12          
  13          void main()
  14          {
  15   1              init();
  16   1              while(1);
  17   1      }

C51 COMPILATION COMPLETE.  0 WARNING(S),  1 ERROR(S)
