C51 COMPILER V9.00   TRACING                                                               11/03/2012 16:07:40 PAGE 1   


C51 COMPILER V9.00, COMPILATION OF MODULE TRACING
OBJECT MODULE PLACED IN tracing.OBJ
COMPILER INVOKED BY: e:\Keil\C51\BIN\C51.EXE tracing.c BROWSE DEBUG OBJECTEXTEND

line level    source

   1          #include "tracing.h"
   2          #include "types.h"
   3          #include "../drivers.h"
   4          
   5          
   6          
   7          void found_path(u8 const locate)
   8          {
   9   1              if(locate == 0 ){               //stat
  10   2                      while(SENSOR == 0x3F){
  11   3                              engine(u, 100, 100);    
  12   3                      }
  13   2              }else if(locate == 1){  //temp stopA
  14   2                      
  15   2              }else if(locate == 2){  //temp stopB
  16   2              
  17   2              }               
  18   1      }
  19          /*
  20          *       sum     要寻线数
  21          *
  22          *
  23          *
  24          */
  25          void tracing(u8 const sum)
  26          {
  27   1              u8 count = 0; //已寻线数
  28   1              while(sum != count){            //未寻到sum条线
  29   2                      if(((SENSOR^4 && SENSOR^5) || (SENSOR^0 && SENSOR^1)) && (SENSOR^2 && SENSOR^3)){
  30   3                              count++;
  31   3                      }else{
  32   3                              if((SENSOR^2 && SENSOR^3)){             //不在线上
  33   4                                      if(SENSOR^1){   //左偏移
  34   5                                              engine(r, 80, 70);
  35   5                                      }else if(SENSOR^4){     //右偏移
  36   5                                              engine(l, 70, 80);                              
  37   5                                      }       
  38   4                              }else{                                  //在线上
  39   4                                      engine(u, 100, 100);
  40   4                              }
  41   3                      }
  42   2              }       
  43   1      }


MODULE INFORMATION:   STATIC OVERLAYABLE
   CODE SIZE        =    121    ----
   CONSTANT SIZE    =   ----    ----
   XDATA SIZE       =   ----    ----
   PDATA SIZE       =   ----    ----
   DATA SIZE        =   ----       2
   IDATA SIZE       =   ----    ----
   BIT SIZE         =   ----    ----
END OF MODULE INFORMATION.


C51 COMPILATION COMPLETE.  0 WARNING(S),  0 ERROR(S)
